#! /usr/bin/vvp
:ivl_version "10.2 (stable)";
:ivl_delay_selection "TYPICAL";
:vpi_time_precision - 12;
:vpi_module "system";
:vpi_module "vhdl_sys";
:vpi_module "v2005_math";
:vpi_module "va_math";
S_0x55d026d3b2f0 .scope module, "counter_tb" "counter_tb" 2 20;
 .timescale -9 -12;
v0x55d026d7e970_0 .var "RSTB", 0 0;
v0x55d026d7dee0_0 .var "clock", 0 0;
v0x55d026d7d580_0 .net "out", 3 0, v0x55d026d75060_0;  1 drivers
v0x55d026d7e670_0 .var "power1", 0 0;
v0x55d026d9f0d0_0 .var "power2", 0 0;
S_0x55d026d73940 .scope module, "c0" "counter" 2 60, 3 77 0, S_0x55d026d3b2f0;
 .timescale 0 0;
    .port_info 0 /INPUT 1 "clk"
    .port_info 1 /INPUT 1 "rstn"
    .port_info 2 /OUTPUT 4 "out"
v0x55d026d7bfe0_0 .net "clk", 0 0, v0x55d026d7dee0_0;  1 drivers
v0x55d026d75060_0 .var "out", 3 0;
v0x55d026d74e70_0 .net "rstn", 0 0, v0x55d026d7e970_0;  1 drivers
E_0x55d026d7ce30 .event posedge, v0x55d026d7bfe0_0;
S_0x55d026d73770 .scope module, "user_proj_example" "user_proj_example" 3 38;
 .timescale 0 0;
    .port_info 0 /INPUT 38 "io_in"
    .port_info 1 /OUTPUT 38 "io_out"
    .port_info 2 /OUTPUT 38 "io_oeb"
P_0x55d026d7e710 .param/l "BITS" 0 3 39, +C4<00000000000000000000000000100000>;
L_0x55d026d3b5f0 .functor BUFZ 4, v0x55d026d9f520_0, C4<0000>, C4<0000>, C4<0000>;
v0x55d026d9f720_0 .net *"_s15", 3 0, L_0x55d026d3b5f0;  1 drivers
v0x55d026d9f800_0 .net "clk", 0 0, L_0x55d026d9fd80;  1 drivers
o0x15398c0cb2e8 .functor BUFZ 38, C4<zzzzzzzzzzzzzzzzzzzzzzzzzzzzzzzzzzzzzz>; HiZ drive
v0x55d026d9f8f0_0 .net "io_in", 37 0, o0x15398c0cb2e8;  0 drivers
L_0x15398c082018 .functor BUFT 1, C4<zzzzzzzzzzzzzzzzzzzzzz000011zzzzzzzzzz>, C4<0>, C4<0>, C4<0>;
v0x55d026d9f9c0_0 .net "io_oeb", 37 0, L_0x15398c082018;  1 drivers
v0x55d026d9fa80_0 .net "io_out", 37 0, L_0x55d026d9ffb0;  1 drivers
v0x55d026d9fbb0_0 .net "out", 3 0, v0x55d026d9f520_0;  1 drivers
v0x55d026d9fc70_0 .net "rstn", 0 0, L_0x55d026d9fe70;  1 drivers
L_0x55d026d9fd80 .part o0x15398c0cb2e8, 10, 1;
L_0x55d026d9fe70 .part o0x15398c0cb2e8, 11, 1;
L_0x55d026d9ffb0 .part/pv L_0x55d026d3b5f0, 12, 4, 38;
S_0x55d026d9f1c0 .scope module, "c0" "counter" 3 69, 3 77 0, S_0x55d026d73770;
 .timescale 0 0;
    .port_info 0 /INPUT 1 "clk"
    .port_info 1 /INPUT 1 "rstn"
    .port_info 2 /OUTPUT 4 "out"
v0x55d026d9f440_0 .net "clk", 0 0, L_0x55d026d9fd80;  alias, 1 drivers
v0x55d026d9f520_0 .var "out", 3 0;
v0x55d026d9f600_0 .net "rstn", 0 0, L_0x55d026d9fe70;  alias, 1 drivers
E_0x55d026d73cd0 .event posedge, v0x55d026d9f440_0;
    .scope S_0x55d026d73940;
T_0 ;
    %wait E_0x55d026d7ce30;
    %load/vec4 v0x55d026d74e70_0;
    %nor/r;
    %flag_set/vec4 8;
    %jmp/0xz  T_0.0, 8;
    %pushi/vec4 0, 0, 4;
    %assign/vec4 v0x55d026d75060_0, 0;
    %jmp T_0.1;
T_0.0 ;
    %load/vec4 v0x55d026d75060_0;
    %addi 1, 0, 4;
    %assign/vec4 v0x55d026d75060_0, 0;
T_0.1 ;
    %jmp T_0;
    .thread T_0;
    .scope S_0x55d026d3b2f0;
T_1 ;
    %delay 12500, 0;
    %load/vec4 v0x55d026d7dee0_0;
    %pushi/vec4 0, 0, 1;
    %cmp/e;
    %flag_get/vec4 6;
    %assign/vec4 v0x55d026d7dee0_0, 0;
    %jmp T_1;
    .thread T_1;
    .scope S_0x55d026d3b2f0;
T_2 ;
    %pushi/vec4 0, 0, 1;
    %store/vec4 v0x55d026d7dee0_0, 0, 1;
    %end;
    .thread T_2;
    .scope S_0x55d026d3b2f0;
T_3 ;
    %vpi_call 2 34 "$dumpfile", "counter_tb.vcd" {0 0 0};
    %vpi_call 2 35 "$dumpvars", 32'sb00000000000000000000000000000000, S_0x55d026d3b2f0 {0 0 0};
    %pushi/vec4 5, 0, 32;
T_3.0 %dup/vec4;
    %pushi/vec4 0, 0, 32;
    %cmp/s;
    %jmp/1xz T_3.1, 5;
    %jmp/1 T_3.1, 4;
    %pushi/vec4 1, 0, 32;
    %sub;
    %pushi/vec4 1000, 0, 32;
T_3.2 %dup/vec4;
    %pushi/vec4 0, 0, 32;
    %cmp/s;
    %jmp/1xz T_3.3, 5;
    %jmp/1 T_3.3, 4;
    %pushi/vec4 1, 0, 32;
    %sub;
    %wait E_0x55d026d7ce30;
    %jmp T_3.2;
T_3.3 ;
    %pop/vec4 1;
    %jmp T_3.0;
T_3.1 ;
    %pop/vec4 1;
    %vpi_call 2 41 "$finish" {0 0 0};
    %end;
    .thread T_3;
    .scope S_0x55d026d3b2f0;
T_4 ;
    %pushi/vec4 0, 0, 1;
    %assign/vec4 v0x55d026d7e970_0, 0;
    %delay 500000, 0;
    %pushi/vec4 1, 0, 1;
    %assign/vec4 v0x55d026d7e970_0, 0;
    %end;
    .thread T_4;
    .scope S_0x55d026d3b2f0;
T_5 ;
    %pushi/vec4 0, 0, 1;
    %assign/vec4 v0x55d026d7e670_0, 0;
    %pushi/vec4 0, 0, 1;
    %assign/vec4 v0x55d026d9f0d0_0, 0;
    %delay 200000, 0;
    %pushi/vec4 1, 0, 1;
    %assign/vec4 v0x55d026d7e670_0, 0;
    %delay 200000, 0;
    %pushi/vec4 1, 0, 1;
    %assign/vec4 v0x55d026d9f0d0_0, 0;
    %end;
    .thread T_5;
    .scope S_0x55d026d9f1c0;
T_6 ;
    %wait E_0x55d026d73cd0;
    %load/vec4 v0x55d026d9f600_0;
    %nor/r;
    %flag_set/vec4 8;
    %jmp/0xz  T_6.0, 8;
    %pushi/vec4 0, 0, 4;
    %assign/vec4 v0x55d026d9f520_0, 0;
    %jmp T_6.1;
T_6.0 ;
    %load/vec4 v0x55d026d9f520_0;
    %addi 1, 0, 4;
    %assign/vec4 v0x55d026d9f520_0, 0;
T_6.1 ;
    %jmp T_6;
    .thread T_6;
# The file index is used to find the file name in the following table.
:file_names 4;
    "N/A";
    "<interactive>";
    "counter_tb.v";
    "../../rtl/user_proj_example.v";
